0 info it worked if it ends with ok
1 verbose cli [ '/usr/local/Cellar/node/4.1.2/bin/node',
1 verbose cli   '/usr/local/bin/npm',
1 verbose cli   'publish',
1 verbose cli   './' ]
2 info using npm@2.14.6
3 info using node@v4.1.2
4 verbose publish [ './' ]
5 silly cache add args [ './', null ]
6 verbose cache add spec ./
7 silly cache add parsed spec Result {
7 silly cache add   raw: './',
7 silly cache add   scope: null,
7 silly cache add   name: null,
7 silly cache add   rawSpec: './',
7 silly cache add   spec: '/Users/Aaron/Documents/Code/node-responder',
7 silly cache add   type: 'directory' }
8 verbose addLocalDirectory /Users/Aaron/.npm/express-responder/1.0.0/package.tgz not in flight; packing
9 verbose tar pack [ '/Users/Aaron/.npm/express-responder/1.0.0/package.tgz',
9 verbose tar pack   '/Users/Aaron/Documents/Code/node-responder' ]
10 verbose tarball /Users/Aaron/.npm/express-responder/1.0.0/package.tgz
11 verbose folder /Users/Aaron/Documents/Code/node-responder
12 info prepublish express-responder@1.0.0
13 verbose addLocalTarball adding from inside cache /Users/Aaron/.npm/express-responder/1.0.0/package.tgz
14 silly cache afterAdd express-responder@1.0.0
15 verbose afterAdd /Users/Aaron/.npm/express-responder/1.0.0/package/package.json not in flight; writing
16 verbose afterAdd /Users/Aaron/.npm/express-responder/1.0.0/package/package.json written
17 silly publish { name: 'express-responder',
17 silly publish   version: '1.0.0',
17 silly publish   description: 'Abstraction facade for HTTP JSON responses in Express.',
17 silly publish   main: 'index.js',
17 silly publish   scripts: { test: 'echo "Error: no test specified" && exit 1' },
17 silly publish   author: { name: 'Aaron Bullard', email: 'jabullard@aol.com' },
17 silly publish   license: 'MIT',
17 silly publish   gitHead: '81eab42b541789d481b6c901a2105856b601bcc5',
17 silly publish   readme: 'ERROR: No README data found!',
17 silly publish   _id: 'express-responder@1.0.0',
17 silly publish   _shasum: 'e24f74f5533e1a9d9009b4d2f5f1a94433c23a87',
17 silly publish   _from: '.' }
18 verbose getPublishConfig undefined
19 silly mapToRegistry name express-responder
20 silly mapToRegistry using default registry
21 silly mapToRegistry registry https://registry.npmjs.org/
22 silly mapToRegistry uri https://registry.npmjs.org/express-responder
23 verbose publish registryBase https://registry.npmjs.org/
24 silly publish uploading /Users/Aaron/.npm/express-responder/1.0.0/package.tgz
25 verbose request uri https://registry.npmjs.org/express-responder
26 verbose request sending authorization for write operation
27 info attempt registry request try #1 at 10:56:39 AM
28 verbose request using bearer token for auth
29 verbose request id 57433ee39322e079
30 http request PUT https://registry.npmjs.org/express-responder
31 http 403 https://registry.npmjs.org/express-responder
32 verbose headers { 'content-type': 'application/json',
32 verbose headers   'cache-control': 'max-age=60',
32 verbose headers   'content-length': '109',
32 verbose headers   'accept-ranges': 'bytes',
32 verbose headers   date: 'Thu, 29 Oct 2015 14:56:40 GMT',
32 verbose headers   via: '1.1 varnish',
32 verbose headers   connection: 'keep-alive',
32 verbose headers   'x-served-by': 'cache-iad2135-IAD',
32 verbose headers   'x-cache': 'MISS',
32 verbose headers   'x-cache-hits': '0',
32 verbose headers   'x-timer': 'S1446130599.981742,VS0,VE309' }
33 verbose request invalidating /Users/Aaron/.npm/registry.npmjs.org/express-responder on PUT
34 error publish Failed PUT 403
35 verbose stack Error: You do not have permission to publish 'express-responder'. Are you logged in as the correct user? : express-responder
35 verbose stack     at makeError (/usr/local/lib/node_modules/npm/node_modules/npm-registry-client/lib/request.js:264:12)
35 verbose stack     at CachingRegistryClient.<anonymous> (/usr/local/lib/node_modules/npm/node_modules/npm-registry-client/lib/request.js:252:14)
35 verbose stack     at Request._callback (/usr/local/lib/node_modules/npm/node_modules/npm-registry-client/lib/request.js:172:14)
35 verbose stack     at Request.self.callback (/usr/local/lib/node_modules/npm/node_modules/request/request.js:198:22)
35 verbose stack     at emitTwo (events.js:87:13)
35 verbose stack     at Request.emit (events.js:172:7)
35 verbose stack     at Request.<anonymous> (/usr/local/lib/node_modules/npm/node_modules/request/request.js:1063:14)
35 verbose stack     at emitOne (events.js:82:20)
35 verbose stack     at Request.emit (events.js:169:7)
35 verbose stack     at IncomingMessage.<anonymous> (/usr/local/lib/node_modules/npm/node_modules/request/request.js:1009:12)
36 verbose statusCode 403
37 verbose pkgid express-responder
38 verbose cwd /Users/Aaron/Documents/Code/node-responder
39 error Darwin 14.5.0
40 error argv "/usr/local/Cellar/node/4.1.2/bin/node" "/usr/local/bin/npm" "publish" "./"
41 error node v4.1.2
42 error npm  v2.14.6
43 error code E403
44 error You do not have permission to publish 'express-responder'. Are you logged in as the correct user? : express-responder
45 error If you need help, you may report this error at:
45 error     <https://github.com/npm/npm/issues>
46 verbose exit [ 1, true ]
